<?xml version="1.0" encoding="UTF-8"?>
<testng-results ignored="0" total="1" passed="1" failed="0" skipped="0">
  <reporter-output>
  </reporter-output>
  <suite started-at="2026-07-02T07:22:32 IST" name="Surefire suite" finished-at="2026-07-02T07:22:44 IST" duration-ms="11770">
    <groups>
    </groups>
    <test started-at="2026-07-02T07:22:32 IST" name="Surefire test" finished-at="2026-07-02T07:22:44 IST" duration-ms="11770">
      <class name="com.sugarfit.tests.AppLaunchTest">
        <test-method is-config="true" signature="setUp()[pri:0, instance:com.sugarfit.tests.AppLaunchTest@1b1473ab]" started-at="2026-07-02T07:22:32 IST" name="setUp" finished-at="2026-07-02T07:22:43 IST" duration-ms="10430" status="PASS">
          <reporter-output>
          </reporter-output>
        </test-method> <!-- setUp -->
        <test-method signature="verifyAppLaunch()[pri:0, instance:com.sugarfit.tests.AppLaunchTest@1b1473ab]" started-at="2026-07-02T07:22:43 IST" name="verifyAppLaunch" finished-at="2026-07-02T07:22:43 IST" duration-ms="11" status="PASS">
          <reporter-output>
          </reporter-output>
        </test-method> <!-- verifyAppLaunch -->
        <test-method is-config="true" signature="tearDown()[pri:0, instance:com.sugarfit.tests.AppLaunchTest@1b1473ab]" started-at="2026-07-02T07:22:43 IST" name="tearDown" finished-at="2026-07-02T07:22:44 IST" duration-ms="1275" status="PASS">
          <reporter-output>
          </reporter-output>
        </test-method> <!-- tearDown -->
      </class> <!-- com.sugarfit.tests.AppLaunchTest -->
    </test> <!-- Surefire test -->
  </suite> <!-- Surefire suite -->
</testng-results>
